This file contains any messages produced by compilers while
running configure, to aid debugging if configure makes a mistake.

It was created by ATHERNET configure 0.96, which was
generated by GNU Autoconf 2.70.  Invocation command line was

  $ ./configure

## --------- ##
## Platform. ##
## --------- ##

hostname = kommand
uname -m = x86_64
uname -r = 6.0.0-0.deb11.2-amd64
uname -s = Linux
uname -v = #1 SMP PREEMPT_DYNAMIC Debian 6.0.3-1~bpo11+1 (2022-10-29)

/usr/bin/uname -p = unknown
/bin/uname -X     = unknown

/bin/arch              = x86_64
/usr/bin/arch -k       = unknown
/usr/convex/getsysinfo = unknown
/usr/bin/hostinfo      = unknown
/bin/machine           = unknown
/usr/bin/oslevel       = unknown
/bin/universe          = unknown

PATH: /home/kj/.local/bin/
PATH: /usr/local/bin/
PATH: /usr/bin/
PATH: /bin/
PATH: /usr/local/games/
PATH: /usr/games/


## ----------- ##
## Core tests. ##
## ----------- ##

configure:2363: checking for gcc
configure:2384: found /usr/bin/gcc
configure:2395: result: gcc
configure:2748: checking for C compiler version
configure:2757: gcc --version >&5
gcc (Debian 10.2.1-6) 10.2.1 20210110
Copyright (C) 2020 Free Software Foundation, Inc.
This is free software; see the source for copying conditions.  There is NO
warranty; not even for MERCHANTABILITY or FITNESS FOR A PARTICULAR PURPOSE.

configure:2768: $? = 0
configure:2757: gcc -v >&5
Using built-in specs.
COLLECT_GCC=gcc
COLLECT_LTO_WRAPPER=/usr/lib/gcc/x86_64-linux-gnu/10/lto-wrapper
OFFLOAD_TARGET_NAMES=nvptx-none:amdgcn-amdhsa:hsa
OFFLOAD_TARGET_DEFAULT=1
Target: x86_64-linux-gnu
Configured with: ../src/configure -v --with-pkgversion='Debian 10.2.1-6' --with-bugurl=file:///usr/share/doc/gcc-10/README.Bugs --enable-languages=c,ada,c++,go,brig,d,fortran,objc,obj-c++,m2 --prefix=/usr --with-gcc-major-version-only --program-suffix=-10 --program-prefix=x86_64-linux-gnu- --enable-shared --enable-linker-build-id --libexecdir=/usr/lib --without-included-gettext --enable-threads=posix --libdir=/usr/lib --enable-nls --enable-bootstrap --enable-clocale=gnu --enable-libstdcxx-debug --enable-libstdcxx-time=yes --with-default-libstdcxx-abi=new --enable-gnu-unique-object --disable-vtable-verify --enable-plugin --enable-default-pie --with-system-zlib --enable-libphobos-checking=release --with-target-system-zlib=auto --enable-objc-gc=auto --enable-multiarch --disable-werror --with-arch-32=i686 --with-abi=m64 --with-multilib-list=m32,m64,mx32 --enable-multilib --with-tune=generic --enable-offload-targets=nvptx-none=/build/gcc-10-Km9U7s/gcc-10-10.2.1/debian/tmp-nvptx/usr,amdgcn-amdhsa=/build/gcc-10-Km9U7s/gcc-10-10.2.1/debian/tmp-gcn/usr,hsa --without-cuda-driver --enable-checking=release --build=x86_64-linux-gnu --host=x86_64-linux-gnu --target=x86_64-linux-gnu --with-build-config=bootstrap-lto-lean --enable-link-mutex
Thread model: posix
Supported LTO compression algorithms: zlib zstd
gcc version 10.2.1 20210110 (Debian 10.2.1-6) 
... rest of stderr output deleted ...
configure:2768: $? = 0
configure:2757: gcc -V >&5
gcc: error: unrecognized command-line option '-V'
gcc: fatal error: no input files
compilation terminated.
configure:2768: $? = 1
configure:2757: gcc -qversion >&5
gcc: error: unrecognized command-line option '-qversion'; did you mean '--version'?
gcc: fatal error: no input files
compilation terminated.
configure:2768: $? = 1
configure:2757: gcc -version >&5
gcc: error: unrecognized command-line option '-version'
gcc: fatal error: no input files
compilation terminated.
configure:2768: $? = 1
configure:2788: checking whether the C compiler works
configure:2810: gcc    conftest.c  >&5
configure:2814: $? = 0
configure:2864: result: yes
configure:2867: checking for C compiler default output file name
configure:2869: result: a.out
configure:2875: checking for suffix of executables
configure:2882: gcc -o conftest    conftest.c  >&5
configure:2886: $? = 0
configure:2909: result: 
configure:2931: checking whether we are cross compiling
configure:2939: gcc -o conftest    conftest.c  >&5
configure:2943: $? = 0
configure:2950: ./conftest
configure:2954: $? = 0
configure:2969: result: no
configure:2974: checking for suffix of object files
configure:2997: gcc -c   conftest.c >&5
configure:3001: $? = 0
configure:3023: result: o
configure:3027: checking whether the compiler supports GNU C
configure:3047: gcc -c   conftest.c >&5
configure:3047: $? = 0
configure:3057: result: yes
configure:3068: checking whether gcc accepts -g
configure:3089: gcc -c -g  conftest.c >&5
configure:3089: $? = 0
configure:3133: result: yes
configure:3150: checking for gcc option to enable C11 features
configure:3165: gcc  -c -g -O2  conftest.c >&5
configure:3165: $? = 0
configure:3180: result: none needed
configure:3308: checking for stdio.h
configure:3308: gcc -c -g -O2  conftest.c >&5
configure:3308: $? = 0
configure:3308: result: yes
configure:3308: checking for stdlib.h
configure:3308: gcc -c -g -O2  conftest.c >&5
configure:3308: $? = 0
configure:3308: result: yes
configure:3308: checking for string.h
configure:3308: gcc -c -g -O2  conftest.c >&5
configure:3308: $? = 0
configure:3308: result: yes
configure:3308: checking for inttypes.h
configure:3308: gcc -c -g -O2  conftest.c >&5
configure:3308: $? = 0
configure:3308: result: yes
configure:3308: checking for stdint.h
configure:3308: gcc -c -g -O2  conftest.c >&5
configure:3308: $? = 0
configure:3308: result: yes
configure:3308: checking for strings.h
configure:3308: gcc -c -g -O2  conftest.c >&5
configure:3308: $? = 0
configure:3308: result: yes
configure:3308: checking for sys/stat.h
configure:3308: gcc -c -g -O2  conftest.c >&5
configure:3308: $? = 0
configure:3308: result: yes
configure:3308: checking for sys/types.h
configure:3308: gcc -c -g -O2  conftest.c >&5
configure:3308: $? = 0
configure:3308: result: yes
configure:3308: checking for unistd.h
configure:3308: gcc -c -g -O2  conftest.c >&5
configure:3308: $? = 0
configure:3308: result: yes
configure:3333: checking for unistd.h
configure:3333: result: yes
configure:3339: checking for stdio.h
configure:3339: result: yes
configure:3345: checking for stdlib.h
configure:3345: result: yes
configure:3351: checking for sys/stat.h
configure:3351: result: yes
configure:3357: checking for sys/socket.h
configure:3357: gcc -c -g -O2  conftest.c >&5
configure:3357: $? = 0
configure:3357: result: yes
configure:3363: checking for sys/types.h
configure:3363: result: yes
configure:3369: checking for arpa/inet.h
configure:3369: gcc -c -g -O2  conftest.c >&5
configure:3369: $? = 0
configure:3369: result: yes
configure:3375: checking for netdb.h
configure:3375: gcc -c -g -O2  conftest.c >&5
configure:3375: $? = 0
configure:3375: result: yes
configure:3381: checking for string.h
configure:3381: result: yes
configure:3387: checking for fcntl.h
configure:3387: gcc -c -g -O2  conftest.c >&5
configure:3387: $? = 0
configure:3387: result: yes
configure:3393: checking for dirent.h
configure:3393: gcc -c -g -O2  conftest.c >&5
configure:3393: $? = 0
configure:3393: result: yes
configure:3399: checking for ctype.h
configure:3399: gcc -c -g -O2  conftest.c >&5
configure:3399: $? = 0
configure:3399: result: yes
configure:3405: checking for ifaddrs.h
configure:3405: gcc -c -g -O2  conftest.c >&5
configure:3405: $? = 0
configure:3405: result: yes
configure:3411: checking for stdarg.h
configure:3411: gcc -c -g -O2  conftest.c >&5
configure:3411: $? = 0
configure:3411: result: yes
configure:3417: checking for netinet/in.h
configure:3417: gcc -c -g -O2  conftest.c >&5
configure:3417: $? = 0
configure:3417: result: yes
configure:3423: checking for stdint.h
configure:3423: result: yes
configure:3429: checking for sys/socket.h
configure:3429: result: yes
configure:3436: checking for getcwd
configure:3436: gcc -o conftest -g -O2   conftest.c  >&5
configure:3436: $? = 0
configure:3436: result: yes
configure:3442: checking for open
configure:3442: gcc -o conftest -g -O2   conftest.c  >&5
configure:3442: $? = 0
configure:3442: result: yes
configure:3448: checking for write
configure:3448: gcc -o conftest -g -O2   conftest.c  >&5
configure:3448: $? = 0
configure:3448: result: yes
configure:3454: checking for gethostbyname
configure:3454: gcc -o conftest -g -O2   conftest.c  >&5
configure:3454: $? = 0
configure:3454: result: yes
configure:3460: checking for inet_ntoa
configure:3460: gcc -o conftest -g -O2   conftest.c  >&5
configure:3460: $? = 0
configure:3460: result: yes
configure:3466: checking for memmove
configure:3466: gcc -o conftest -g -O2   conftest.c  >&5
conftest.c:58:6: warning: conflicting types for built-in function 'memmove'; expected 'void *(void *, const void *, long unsigned int)' [-Wbuiltin-declaration-mismatch]
   58 | char memmove ();
      |      ^~~~~~~
conftest.c:50:1: note: 'memmove' is declared in header '<string.h>'
   49 | #include <limits.h>
   50 | #undef memmove
configure:3466: $? = 0
configure:3466: result: yes
configure:3472: checking for memset
configure:3472: gcc -o conftest -g -O2   conftest.c  >&5
conftest.c:59:6: warning: conflicting types for built-in function 'memset'; expected 'void *(void *, int,  long unsigned int)' [-Wbuiltin-declaration-mismatch]
   59 | char memset ();
      |      ^~~~~~
conftest.c:51:1: note: 'memset' is declared in header '<string.h>'
   50 | #include <limits.h>
   51 | #undef memset
configure:3472: $? = 0
configure:3472: result: yes
configure:3478: checking for mkdir
configure:3478: gcc -o conftest -g -O2   conftest.c  >&5
configure:3478: $? = 0
configure:3478: result: yes
configure:3484: checking for mkfifo
configure:3484: gcc -o conftest -g -O2   conftest.c  >&5
configure:3484: $? = 0
configure:3484: result: yes
configure:3490: checking for munmap
configure:3490: gcc -o conftest -g -O2   conftest.c  >&5
configure:3490: $? = 0
configure:3490: result: yes
configure:3496: checking for regcomp
configure:3496: gcc -o conftest -g -O2   conftest.c  >&5
configure:3496: $? = 0
configure:3496: result: yes
configure:3502: checking for select
configure:3502: gcc -o conftest -g -O2   conftest.c  >&5
configure:3502: $? = 0
configure:3502: result: yes
configure:3508: checking for socket
configure:3508: gcc -o conftest -g -O2   conftest.c  >&5
configure:3508: $? = 0
configure:3508: result: yes
configure:3514: checking for strchr
configure:3514: gcc -o conftest -g -O2   conftest.c  >&5
conftest.c:66:6: warning: conflicting types for built-in function 'strchr'; expected 'char *(const char *, int)' [-Wbuiltin-declaration-mismatch]
   66 | char strchr ();
      |      ^~~~~~
conftest.c:58:1: note: 'strchr' is declared in header '<string.h>'
   57 | #include <limits.h>
   58 | #undef strchr
configure:3514: $? = 0
configure:3514: result: yes
configure:3520: checking for strdup
configure:3520: gcc -o conftest -g -O2   conftest.c  >&5
conftest.c:67:6: warning: conflicting types for built-in function 'strdup'; expected 'char *(const char *)' [-Wbuiltin-declaration-mismatch]
   67 | char strdup ();
      |      ^~~~~~
configure:3520: $? = 0
configure:3520: result: yes
configure:3526: checking for strstr
configure:3526: gcc -o conftest -g -O2   conftest.c  >&5
conftest.c:68:6: warning: conflicting types for built-in function 'strstr'; expected 'char *(const char *, const char *)' [-Wbuiltin-declaration-mismatch]
   68 | char strstr ();
      |      ^~~~~~
conftest.c:60:1: note: 'strstr' is declared in header '<string.h>'
   59 | #include <limits.h>
   60 | #undef strstr
configure:3526: $? = 0
configure:3526: result: yes
configure:3725: creating ./config.status

## ---------------------- ##
## Running config.status. ##
## ---------------------- ##

This file was extended by ATHERNET config.status 0.96, which was
generated by GNU Autoconf 2.70.  Invocation command line was

  CONFIG_FILES    = 
  CONFIG_HEADERS  = 
  CONFIG_LINKS    = 
  CONFIG_COMMANDS = 
  $ ./config.status 

on kommand

config.status:863: creating alph/probe.h
config.status:863: creating alph/hbar.h
config.status:863: creating alph/hbar.c
config.status:863: creating alph/enk.h
config.status:863: creating alph/display.h
config.status:863: creating alph/lbb.h
config.status:863: creating alph/resolver.c
config.status:863: creating alph/ccc.c
config.status:863: creating alph/index.c
config.status:863: creating charm.h
config.status:1018: charm.h is unchanged

## ---------------- ##
## Cache variables. ##
## ---------------- ##

ac_cv_c_compiler_gnu=yes
ac_cv_env_CC_set=
ac_cv_env_CC_value=
ac_cv_env_CFLAGS_set=
ac_cv_env_CFLAGS_value=
ac_cv_env_CPPFLAGS_set=
ac_cv_env_CPPFLAGS_value=
ac_cv_env_LDFLAGS_set=
ac_cv_env_LDFLAGS_value=
ac_cv_env_LIBS_set=
ac_cv_env_LIBS_value=
ac_cv_env_build_alias_set=
ac_cv_env_build_alias_value=
ac_cv_env_host_alias_set=
ac_cv_env_host_alias_value=
ac_cv_env_target_alias_set=
ac_cv_env_target_alias_value=
ac_cv_func_getcwd=yes
ac_cv_func_gethostbyname=yes
ac_cv_func_inet_ntoa=yes
ac_cv_func_memmove=yes
ac_cv_func_memset=yes
ac_cv_func_mkdir=yes
ac_cv_func_mkfifo=yes
ac_cv_func_munmap=yes
ac_cv_func_open=yes
ac_cv_func_regcomp=yes
ac_cv_func_select=yes
ac_cv_func_socket=yes
ac_cv_func_strchr=yes
ac_cv_func_strdup=yes
ac_cv_func_strstr=yes
ac_cv_func_write=yes
ac_cv_header_arpa_inet_h=yes
ac_cv_header_ctype_h=yes
ac_cv_header_dirent_h=yes
ac_cv_header_fcntl_h=yes
ac_cv_header_ifaddrs_h=yes
ac_cv_header_inttypes_h=yes
ac_cv_header_netdb_h=yes
ac_cv_header_netinet_in_h=yes
ac_cv_header_stdarg_h=yes
ac_cv_header_stdint_h=yes
ac_cv_header_stdio_h=yes
ac_cv_header_stdlib_h=yes
ac_cv_header_string_h=yes
ac_cv_header_strings_h=yes
ac_cv_header_sys_socket_h=yes
ac_cv_header_sys_stat_h=yes
ac_cv_header_sys_types_h=yes
ac_cv_header_unistd_h=yes
ac_cv_objext=o
ac_cv_prog_ac_ct_CC=gcc
ac_cv_prog_cc_c11=
ac_cv_prog_cc_g=yes
ac_cv_prog_cc_stdc=

## ----------------- ##
## Output variables. ##
## ----------------- ##

CC='gcc'
CFLAGS='-g -O2'
CPPFLAGS=''
DEFS='-DHAVE_CONFIG_H'
ECHO_C=''
ECHO_N='-n'
ECHO_T=''
EXEEXT=''
LDFLAGS=''
LIBOBJS=''
LIBS=''
LTLIBOBJS=''
MAX_SLOTS='8'
OBJEXT='o'
PACKAGE_BUGREPORT='https://bugs.athernet.com/report'
PACKAGE_NAME='ATHERNET'
PACKAGE_STRING='ATHERNET 0.96'
PACKAGE_TARNAME='athernet'
PACKAGE_URL=''
PACKAGE_VERSION='0.96'
PATH_SEPARATOR=':'
SHELL='/bin/bash'
__addr_alias__='atherpoint'
__addr_loc__='127.0.0.1'
__ccc__h='../charm.h'
__charms__='../charms/'
__lbb__h='lbb.h'
__lbb_fname='.lbb'
__lbb_name__=''
__probe__h='probe.h'
__slot_size__0='__sa__m'
__slot_size__1='__sa__pi'
__slot_size__2='__sa__npr'
__slot_size__3='__sa__dsls'
__slot_size__4='__sa__b2pie'
__slot_size__5='__sa__tflb3d'
__slot_size__6='__sa__htkaian'
__slot_size__7='__sa__alphadef'
__slot_size__8='__sa__kconalpha'
ac_ct_CC='gcc'
bindir='${exec_prefix}/bin'
build_alias=''
connected_c_compiler='ccc'
datadir='${datarootdir}'
datarootdir='${prefix}/share'
docdir='${datarootdir}/doc/${PACKAGE_TARNAME}'
dvidir='${docdir}'
exec_prefix='${prefix}'
host_alias=''
htmldir='${docdir}'
idx='indexer'
includedir='${prefix}/include'
infodir='${datarootdir}/info'
libdir='${exec_prefix}/lib'
libexecdir='${exec_prefix}/libexec'
localedir='${datarootdir}/locale'
localstatedir='${prefix}/var'
mandir='${datarootdir}/man'
oldincludedir='/usr/include'
pdfdir='${docdir}'
pkgname='ATHERNET'
pkgversion='0x96'
prefix='/usr/local'
program_transform_name='s,x,x,'
psdir='${docdir}'
runstatedir='${localstatedir}/run'
sbindir='${exec_prefix}/sbin'
sharedstatedir='${prefix}/com'
sysconfdir='${prefix}/etc'
target_alias=''

## ----------- ##
## confdefs.h. ##
## ----------- ##

/* confdefs.h */
#define PACKAGE_NAME "ATHERNET"
#define PACKAGE_TARNAME "athernet"
#define PACKAGE_VERSION "0.96"
#define PACKAGE_STRING "ATHERNET 0.96"
#define PACKAGE_BUGREPORT "https://bugs.athernet.com/report"
#define PACKAGE_URL ""
#define HAVE_PROBE_H 1
#define HAVE_STDIO_H 1
#define HAVE_STDLIB_H 1
#define HAVE_STRING_H 1
#define HAVE_INTTYPES_H 1
#define HAVE_STDINT_H 1
#define HAVE_STRINGS_H 1
#define HAVE_SYS_STAT_H 1
#define HAVE_SYS_TYPES_H 1
#define HAVE_UNISTD_H 1
#define STDC_HEADERS 1
#define HAVE_UNISTD_H 1
#define HAVE_STDIO_H 1
#define HAVE_STDLIB_H 1
#define HAVE_SYS_STAT_H 1
#define HAVE_SYS_SOCKET_H 1
#define HAVE_SYS_TYPES_H 1
#define HAVE_ARPA_INET_H 1
#define HAVE_NETDB_H 1
#define HAVE_STRING_H 1
#define HAVE_FCNTL_H 1
#define HAVE_DIRENT_H 1
#define HAVE_CTYPE_H 1
#define HAVE_IFADDRS_H 1
#define HAVE_STDARG_H 1
#define HAVE_NETINET_IN_H 1
#define HAVE_STDINT_H 1
#define HAVE_SYS_SOCKET_H 1
#define HAVE_GETCWD 1
#define HAVE_OPEN 1
#define HAVE_WRITE 1
#define HAVE_GETHOSTBYNAME 1
#define HAVE_INET_NTOA 1
#define HAVE_MEMMOVE 1
#define HAVE_MEMSET 1
#define HAVE_MKDIR 1
#define HAVE_MKFIFO 1
#define HAVE_MUNMAP 1
#define HAVE_REGCOMP 1
#define HAVE_SELECT 1
#define HAVE_SOCKET 1
#define HAVE_STRCHR 1
#define HAVE_STRDUP 1
#define HAVE_STRSTR 1
#define CCC_HEADERS 1
#define ATT_VERSION 0x9
#define __sa__m 8
#define __sa__pi 64
#define __sa__npr 512
#define __sa__dsls 4096
#define __sa__b2pie 32768
#define __sa__tflb3d 262144
#define __sa__htkaian 2097152
#define __sa__alphadef 16777216
#define __sa__kconalpha 134217728

configure: exit 0
